<?xml version="1.0" encoding="UTF-8"?>
<!-- Generated by org.testng.reporters.JUnitXMLReporter -->
<testsuite ignored="0" hostname="Moritz-RazerBlade" failures="0" tests="6" name="Default test" time="0.039" errors="0" timestamp="2024-01-16T10:32:19 MEZ">
  <testcase classname="formsTesting.SquareTest" name="test1CalculateArea" time="0.008"/>
  <testcase classname="formsTesting.SquareTest" name="test1CalculateCircumference" time="0.001"/>
  <testcase classname="formsTesting.SquareTest" name="test2CalculateArea" time="0.001"/>
  <testcase classname="formsTesting.SquareTest" name="test2CalculateCircumference" time="0.001"/>
  <testcase classname="formsTesting.SquareTest" name="test3CalculateArea" time="0.001"/>
  <testcase classname="formsTesting.SquareTest" name="test3CalculateCircumference" time="0.001"/>
</testsuite> <!-- Default test -->
