<?xml version="1.0" encoding="UTF-8"?>
<!-- Generated by org.testng.reporters.JUnitXMLReporter -->
<testsuite ignored="0" hostname="Moritz-RazerBlade" failures="0" tests="6" name="Default test" time="0.043" errors="0" timestamp="2024-01-30T10:30:54 MEZ">
  <testcase classname="formsTesting.TriangleTest" name="test1CalculateArea" time="0.013"/>
  <testcase classname="formsTesting.TriangleTest" name="test1CalculateCircumference" time="0.0"/>
  <testcase classname="formsTesting.TriangleTest" name="test2CalculateArea" time="0.001"/>
  <testcase classname="formsTesting.TriangleTest" name="test2CalculateCircumference" time="0.001"/>
  <testcase classname="formsTesting.TriangleTest" name="test3CalculateArea" time="0.0"/>
  <testcase classname="formsTesting.TriangleTest" name="test3CalculateCircumference" time="0.0"/>
</testsuite> <!-- Default test -->
