<?xml version="1.0" encoding="UTF-8"?>
<testng-results ignored="0" total="8" passed="8" failed="0" skipped="0">
  <reporter-output>
  </reporter-output>
  <suite started-at="2024-01-16T11:28:37 MEZ" name="Default suite" finished-at="2024-01-16T11:28:37 MEZ" duration-ms="45">
    <groups>
    </groups>
    <test started-at="2024-01-16T11:28:37 MEZ" name="Default test" finished-at="2024-01-16T11:28:37 MEZ" duration-ms="45">
      <class name="formsTesting.GroupTest">
        <test-method signature="test1CalculateArea()[pri:0, instance:formsTesting.GroupTest@7880cdf3]" started-at="2024-01-16T11:28:37 MEZ" name="test1CalculateArea" finished-at="2024-01-16T11:28:37 MEZ" duration-ms="8" status="PASS">
          <reporter-output>
          </reporter-output>
        </test-method> <!-- test1CalculateArea -->
        <test-method signature="test1CalculateCircumference()[pri:0, instance:formsTesting.GroupTest@7880cdf3]" started-at="2024-01-16T11:28:37 MEZ" name="test1CalculateCircumference" finished-at="2024-01-16T11:28:37 MEZ" duration-ms="1" status="PASS">
          <reporter-output>
          </reporter-output>
        </test-method> <!-- test1CalculateCircumference -->
        <test-method signature="test2CalculateArea()[pri:0, instance:formsTesting.GroupTest@7880cdf3]" started-at="2024-01-16T11:28:37 MEZ" name="test2CalculateArea" finished-at="2024-01-16T11:28:37 MEZ" duration-ms="1" status="PASS">
          <reporter-output>
          </reporter-output>
        </test-method> <!-- test2CalculateArea -->
        <test-method signature="test2CalculateCircumference()[pri:0, instance:formsTesting.GroupTest@7880cdf3]" started-at="2024-01-16T11:28:37 MEZ" name="test2CalculateCircumference" finished-at="2024-01-16T11:28:37 MEZ" duration-ms="1" status="PASS">
          <reporter-output>
          </reporter-output>
        </test-method> <!-- test2CalculateCircumference -->
        <test-method signature="test3CalculateArea()[pri:0, instance:formsTesting.GroupTest@7880cdf3]" started-at="2024-01-16T11:28:37 MEZ" name="test3CalculateArea" finished-at="2024-01-16T11:28:37 MEZ" duration-ms="1" status="PASS">
          <reporter-output>
          </reporter-output>
        </test-method> <!-- test3CalculateArea -->
        <test-method signature="testCalculateCircumference()[pri:0, instance:formsTesting.GroupTest@7880cdf3]" started-at="2024-01-16T11:28:37 MEZ" name="testCalculateCircumference" finished-at="2024-01-16T11:28:37 MEZ" duration-ms="2" status="PASS">
          <reporter-output>
          </reporter-output>
        </test-method> <!-- testCalculateCircumference -->
        <test-method signature="test3CalculateCircumference()[pri:0, instance:formsTesting.GroupTest@7880cdf3]" started-at="2024-01-16T11:28:37 MEZ" name="test3CalculateCircumference" finished-at="2024-01-16T11:28:37 MEZ" duration-ms="0" status="PASS">
          <reporter-output>
          </reporter-output>
        </test-method> <!-- test3CalculateCircumference -->
        <test-method signature="testFindBiggestForm()[pri:0, instance:formsTesting.GroupTest@7880cdf3]" started-at="2024-01-16T11:28:37 MEZ" name="testFindBiggestForm" finished-at="2024-01-16T11:28:37 MEZ" duration-ms="1" status="PASS">
          <reporter-output>
          </reporter-output>
        </test-method> <!-- testFindBiggestForm -->
      </class> <!-- formsTesting.GroupTest -->
    </test> <!-- Default test -->
  </suite> <!-- Default suite -->
</testng-results>
